<?xml version="1.0" encoding="UTF-8"?>
<!-- Generated by org.testng.reporters.JUnitReportReporter -->
<testsuite skipped="0" hostname="kishore" name="in.infosys.testcases.ebay.test" tests="1" failures="0" timestamp="28 Jun 2018 17:27:35 GMT" time="177.208" errors="0">
  <testcase name="ebaytest" time="177.208" classname="in.infosys.testcases.ebay.test"/>
</testsuite> <!-- in.infosys.testcases.ebay.test -->
